ISim log file
Running: /home/ise/git/DC_backwards/DC_backwards/DC_Comm_QBLinkTB_isim_beh.exe -intstyle ise -gui -tclbatch isim.cmd -wdb /home/ise/git/DC_backwards/DC_backwards/DC_Comm_QBLinkTB_isim_beh.wdb 
ISim P.20131013 (signature 0xfbc00daa)
----------------------------------------------------------------------
WARNING:Security:42 - Your software subscription period has lapsed. Your current version of Xilinx tools will continue to function, but you no longer qualify for Xilinx software updates or new releases.


----------------------------------------------------------------------
This is a Full version of ISim.
Time resolution is 1 ps
# onerror resume
# wave add /
# run 1000 ns
Simulator is doing circuit initialization process.
at 0 ps: Note: WARNING: Behavioral models for independent clock FIFO configurations do not model synchronization delays. The behavioral models are functionally correct, and will represent the behavior of the configured FIFO. See the FIFO Generator User Guide for more information. (/dc_comm_qblinktb/uut/DC_Interface/U_SerialInterfaceOut/U_SerializationFifo/U0/gconvfifo/inst_conv_fifo/).
at 0 ps: Note: WARNING: Behavioral models for independent clock FIFO configurations do not model synchronization delays. The behavioral models are functionally correct, and will represent the behavior of the configured FIFO. See the FIFO Generator User Guide for more information. (/dc_comm_qblinktb/uut/DC_Interface/U_SerialInterfaceIn/U_SerializationFifo/U0/gconvfifo/inst_conv_fifo/).
at 0 ps: Note: WARNING: Behavioral models for independent clock FIFO configurations do not model synchronization delays. The behavioral models are functionally correct, and will represent the behavior of the configured FIFO. See the FIFO Generator User Guide for more information. (/dc_comm_qblinktb/uut/DC_Interface/QBlink_TX_FIFO_W32R8/U0/gconvfifo/inst_conv_fifo/).
at 0 ps: Note: WARNING: Behavioral models for independent clock FIFO configurations do not model synchronization delays. The behavioral models are functionally correct, and will represent the behavior of the configured FIFO. See the FIFO Generator User Guide for more information. (/dc_comm_qblinktb/Scrod_comm/DC_Interface_back/U_SerialInterfaceOut/U_SerializationFifo/U0/gconvfifo/inst_conv_fifo/).
at 0 ps: Note: WARNING: Behavioral models for independent clock FIFO configurations do not model synchronization delays. The behavioral models are functionally correct, and will represent the behavior of the configured FIFO. See the FIFO Generator User Guide for more information. (/dc_comm_qblinktb/Scrod_comm/DC_Interface_back/U_SerialInterfaceIn/U_SerializationFifo/U0/gconvfifo/inst_conv_fifo/).
at 0 ps: Note: WARNING: Behavioral models for independent clock FIFO configurations do not model synchronization delays. The behavioral models are functionally correct, and will represent the behavior of the configured FIFO. See the FIFO Generator User Guide for more information. (/dc_comm_qblinktb/Scrod_comm/DC_Interface_back/QBlink_TX_FIFO_W32R8/U0/gconvfifo/inst_conv_fifo/).
Finished circuit initialization process.
# run 10.00us
ISim P.20131013 (signature 0xfbc00daa)
----------------------------------------------------------------------
WARNING:Security:42 - Your software subscription period has lapsed. Your current version of Xilinx tools will continue to function, but you no longer qualify for Xilinx software updates or new releases.


----------------------------------------------------------------------
This is a Full version of ISim.
# run 1000 ns
Simulator is doing circuit initialization process.
at 0 ps: Note: WARNING: Behavioral models for independent clock FIFO configurations do not model synchronization delays. The behavioral models are functionally correct, and will represent the behavior of the configured FIFO. See the FIFO Generator User Guide for more information. (/dc_comm_qblinktb/uut/DC_Interface/U_SerialInterfaceOut/U_SerializationFifo/U0/gconvfifo/inst_conv_fifo/).
at 0 ps: Note: WARNING: Behavioral models for independent clock FIFO configurations do not model synchronization delays. The behavioral models are functionally correct, and will represent the behavior of the configured FIFO. See the FIFO Generator User Guide for more information. (/dc_comm_qblinktb/uut/DC_Interface/U_SerialInterfaceIn/U_SerializationFifo/U0/gconvfifo/inst_conv_fifo/).
at 0 ps: Note: WARNING: Behavioral models for independent clock FIFO configurations do not model synchronization delays. The behavioral models are functionally correct, and will represent the behavior of the configured FIFO. See the FIFO Generator User Guide for more information. (/dc_comm_qblinktb/uut/DC_Interface/QBlink_TX_FIFO_W32R8/U0/gconvfifo/inst_conv_fifo/).
at 0 ps: Note: WARNING: Behavioral models for independent clock FIFO configurations do not model synchronization delays. The behavioral models are functionally correct, and will represent the behavior of the configured FIFO. See the FIFO Generator User Guide for more information. (/dc_comm_qblinktb/Scrod_comm/DC_Interface_back/U_SerialInterfaceOut/U_SerializationFifo/U0/gconvfifo/inst_conv_fifo/).
at 0 ps: Note: WARNING: Behavioral models for independent clock FIFO configurations do not model synchronization delays. The behavioral models are functionally correct, and will represent the behavior of the configured FIFO. See the FIFO Generator User Guide for more information. (/dc_comm_qblinktb/Scrod_comm/DC_Interface_back/U_SerialInterfaceIn/U_SerializationFifo/U0/gconvfifo/inst_conv_fifo/).
at 0 ps: Note: WARNING: Behavioral models for independent clock FIFO configurations do not model synchronization delays. The behavioral models are functionally correct, and will represent the behavior of the configured FIFO. See the FIFO Generator User Guide for more information. (/dc_comm_qblinktb/Scrod_comm/DC_Interface_back/QBlink_TX_FIFO_W32R8/U0/gconvfifo/inst_conv_fifo/).
Finished circuit initialization process.
# run 10.00us
ISim P.20131013 (signature 0xfbc00daa)
----------------------------------------------------------------------
WARNING:Security:42 - Your software subscription period has lapsed. Your current version of Xilinx tools will continue to function, but you no longer qualify for Xilinx software updates or new releases.


----------------------------------------------------------------------
This is a Full version of ISim.
# run 1000 ns
Simulator is doing circuit initialization process.
at 0 ps: Note: WARNING: Behavioral models for independent clock FIFO configurations do not model synchronization delays. The behavioral models are functionally correct, and will represent the behavior of the configured FIFO. See the FIFO Generator User Guide for more information. (/dc_comm_qblinktb/uut/DC_Interface/U_SerialInterfaceOut/U_SerializationFifo/U0/gconvfifo/inst_conv_fifo/).
at 0 ps: Note: WARNING: Behavioral models for independent clock FIFO configurations do not model synchronization delays. The behavioral models are functionally correct, and will represent the behavior of the configured FIFO. See the FIFO Generator User Guide for more information. (/dc_comm_qblinktb/uut/DC_Interface/U_SerialInterfaceIn/U_SerializationFifo/U0/gconvfifo/inst_conv_fifo/).
at 0 ps: Note: WARNING: Behavioral models for independent clock FIFO configurations do not model synchronization delays. The behavioral models are functionally correct, and will represent the behavior of the configured FIFO. See the FIFO Generator User Guide for more information. (/dc_comm_qblinktb/uut/DC_Interface/QBlink_TX_FIFO_W32R8/U0/gconvfifo/inst_conv_fifo/).
at 0 ps: Note: WARNING: Behavioral models for independent clock FIFO configurations do not model synchronization delays. The behavioral models are functionally correct, and will represent the behavior of the configured FIFO. See the FIFO Generator User Guide for more information. (/dc_comm_qblinktb/Scrod_comm/DC_Interface_back/U_SerialInterfaceOut/U_SerializationFifo/U0/gconvfifo/inst_conv_fifo/).
at 0 ps: Note: WARNING: Behavioral models for independent clock FIFO configurations do not model synchronization delays. The behavioral models are functionally correct, and will represent the behavior of the configured FIFO. See the FIFO Generator User Guide for more information. (/dc_comm_qblinktb/Scrod_comm/DC_Interface_back/U_SerialInterfaceIn/U_SerializationFifo/U0/gconvfifo/inst_conv_fifo/).
at 0 ps: Note: WARNING: Behavioral models for independent clock FIFO configurations do not model synchronization delays. The behavioral models are functionally correct, and will represent the behavior of the configured FIFO. See the FIFO Generator User Guide for more information. (/dc_comm_qblinktb/Scrod_comm/DC_Interface_back/QBlink_TX_FIFO_W32R8/U0/gconvfifo/inst_conv_fifo/).
Finished circuit initialization process.
# run 10.00us
# run 100.00us
ISim P.20131013 (signature 0xfbc00daa)
----------------------------------------------------------------------
WARNING:Security:42 - Your software subscription period has lapsed. Your current version of Xilinx tools will continue to function, but you no longer qualify for Xilinx software updates or new releases.


----------------------------------------------------------------------
This is a Full version of ISim.
# run 1000 ns
Simulator is doing circuit initialization process.
at 0 ps: Note: WARNING: Behavioral models for independent clock FIFO configurations do not model synchronization delays. The behavioral models are functionally correct, and will represent the behavior of the configured FIFO. See the FIFO Generator User Guide for more information. (/dc_comm_qblinktb/uut/DC_Interface/U_SerialInterfaceOut/U_SerializationFifo/U0/gconvfifo/inst_conv_fifo/).
at 0 ps: Note: WARNING: Behavioral models for independent clock FIFO configurations do not model synchronization delays. The behavioral models are functionally correct, and will represent the behavior of the configured FIFO. See the FIFO Generator User Guide for more information. (/dc_comm_qblinktb/uut/DC_Interface/U_SerialInterfaceIn/U_SerializationFifo/U0/gconvfifo/inst_conv_fifo/).
at 0 ps: Note: WARNING: Behavioral models for independent clock FIFO configurations do not model synchronization delays. The behavioral models are functionally correct, and will represent the behavior of the configured FIFO. See the FIFO Generator User Guide for more information. (/dc_comm_qblinktb/uut/DC_Interface/QBlink_TX_FIFO_W32R8/U0/gconvfifo/inst_conv_fifo/).
at 0 ps: Note: WARNING: Behavioral models for independent clock FIFO configurations do not model synchronization delays. The behavioral models are functionally correct, and will represent the behavior of the configured FIFO. See the FIFO Generator User Guide for more information. (/dc_comm_qblinktb/Scrod_comm/DC_Interface_back/U_SerialInterfaceOut/U_SerializationFifo/U0/gconvfifo/inst_conv_fifo/).
at 0 ps: Note: WARNING: Behavioral models for independent clock FIFO configurations do not model synchronization delays. The behavioral models are functionally correct, and will represent the behavior of the configured FIFO. See the FIFO Generator User Guide for more information. (/dc_comm_qblinktb/Scrod_comm/DC_Interface_back/U_SerialInterfaceIn/U_SerializationFifo/U0/gconvfifo/inst_conv_fifo/).
at 0 ps: Note: WARNING: Behavioral models for independent clock FIFO configurations do not model synchronization delays. The behavioral models are functionally correct, and will represent the behavior of the configured FIFO. See the FIFO Generator User Guide for more information. (/dc_comm_qblinktb/Scrod_comm/DC_Interface_back/QBlink_TX_FIFO_W32R8/U0/gconvfifo/inst_conv_fifo/).
Finished circuit initialization process.
# run 100.00us
# exit 0
